#! /opt/homebrew/Cellar/icarus-verilog/12.0/bin/vvp
:ivl_version "12.0 (stable)";
:ivl_delay_selection "TYPICAL";
:vpi_time_precision - 12;
:vpi_module "/opt/homebrew/Cellar/icarus-verilog/12.0/lib/ivl/system.vpi";
:vpi_module "/opt/homebrew/Cellar/icarus-verilog/12.0/lib/ivl/vhdl_sys.vpi";
:vpi_module "/opt/homebrew/Cellar/icarus-verilog/12.0/lib/ivl/vhdl_textio.vpi";
:vpi_module "/opt/homebrew/Cellar/icarus-verilog/12.0/lib/ivl/v2005_math.vpi";
:vpi_module "/opt/homebrew/Cellar/icarus-verilog/12.0/lib/ivl/va_math.vpi";
:vpi_module "/opt/homebrew/Cellar/icarus-verilog/12.0/lib/ivl/v2009.vpi";
S_0x152604920 .scope package, "$unit" "$unit" 2 1;
 .timescale 0 0;
S_0x152604a90 .scope module, "tb_tinker_core" "tb_tinker_core" 3 3;
 .timescale -9 -12;
v0x60000346ad90_0 .var "add_inst", 31 0;
v0x60000346ae20_0 .var "clk", 0 0;
v0x60000346aeb0_0 .var "reset", 0 0;
E_0x600001365ac0 .event negedge, v0x600003465dd0_0;
S_0x15260a190 .scope module, "uut" "tinker_core" 3 9, 4 1 0, S_0x152604a90;
 .timescale 0 0;
    .port_info 0 /INPUT 1 "clk";
    .port_info 1 /INPUT 1 "reset";
P_0x600001365b00 .param/l "MEM_SIZE" 0 4 6, +C4<00000000000010000000000000000000>;
L_0x600002d67f00 .functor BUFZ 32, v0x600003465b00_0, C4<00000000000000000000000000000000>, C4<00000000000000000000000000000000>, C4<00000000000000000000000000000000>;
L_0x600002d67f70 .functor BUFZ 64, v0x6000034660a0_0, C4<0000000000000000000000000000000000000000000000000000000000000000>, C4<0000000000000000000000000000000000000000000000000000000000000000>, C4<0000000000000000000000000000000000000000000000000000000000000000>;
L_0x600002d6c000 .functor BUFZ 5, v0x6000034661c0_0, C4<00000>, C4<00000>, C4<00000>;
L_0x600002d6c070 .functor BUFZ 1, v0x600003466130_0, C4<0>, C4<0>, C4<0>;
L_0x600002d6c0e0 .functor BUFZ 5, v0x600003465cb0_0, C4<00000>, C4<00000>, C4<00000>;
L_0x600002d6c150 .functor BUFZ 5, v0x600003465d40_0, C4<00000>, C4<00000>, C4<00000>;
L_0x600002d6c1c0 .functor BUFZ 32, v0x600003465680_0, C4<00000000000000000000000000000000>, C4<00000000000000000000000000000000>, C4<00000000000000000000000000000000>;
L_0x600002d6c230 .functor BUFZ 1, v0x600003465830_0, C4<0>, C4<0>, C4<0>;
L_0x600002d6c2a0 .functor BUFZ 64, v0x6000034657a0_0, C4<0000000000000000000000000000000000000000000000000000000000000000>, C4<0000000000000000000000000000000000000000000000000000000000000000>, C4<0000000000000000000000000000000000000000000000000000000000000000>;
L_0x600002d6c310 .functor BUFZ 32, v0x600003465440_0, C4<00000000000000000000000000000000>, C4<00000000000000000000000000000000>, C4<00000000000000000000000000000000>;
v0x600003469dd0_0 .net "clk", 0 0, v0x60000346ae20_0;  1 drivers
v0x600003469e60_0 .net "controlDataAddress", 31 0, v0x600003465440_0;  1 drivers
v0x600003469ef0_0 .net "controlMemAddress", 31 0, v0x600003465680_0;  1 drivers
v0x600003469f80_0 .net "controlMemWriteData", 63 0, v0x6000034657a0_0;  1 drivers
v0x60000346a010_0 .net "controlMemWriteEnabled", 0 0, v0x600003465830_0;  1 drivers
v0x60000346a0a0_0 .net "controlNextPC", 31 0, v0x600003465b00_0;  1 drivers
v0x60000346a130_0 .net "controlRegFileAddressA", 4 0, v0x600003465cb0_0;  1 drivers
v0x60000346a1c0_0 .net "controlRegFileAddressB", 4 0, v0x600003465d40_0;  1 drivers
v0x60000346a250_0 .net "controlWriteBackData", 63 0, v0x6000034660a0_0;  1 drivers
v0x60000346a2e0_0 .net "controlWriteEnable", 0 0, v0x600003466130_0;  1 drivers
v0x60000346a370_0 .net "controlWriteReg", 4 0, v0x6000034661c0_0;  1 drivers
v0x60000346a400_0 .net "dataAddress", 31 0, L_0x600002d6c310;  1 drivers
v0x60000346a490_0 .net "fetchInstruction", 31 0, L_0x600003764640;  1 drivers
v0x60000346a520_0 .net "instruction", 31 0, L_0x600002d67db0;  1 drivers
v0x60000346a5b0_0 .net "memAddress", 31 0, L_0x600002d6c1c0;  1 drivers
v0x60000346a640_0 .net "memData", 63 0, L_0x6000037661c0;  1 drivers
v0x60000346a6d0_0 .net "memWriteData", 63 0, L_0x600002d6c2a0;  1 drivers
v0x60000346a760_0 .net "memWriteEnabled", 0 0, L_0x600002d6c230;  1 drivers
v0x60000346a7f0_0 .net "nextProgramCounter", 31 0, L_0x600002d67f00;  1 drivers
v0x60000346a880_0 .var "programCounter", 31 0;
v0x60000346a910_0 .net "reg1Data", 63 0, L_0x600002d67e20;  1 drivers
v0x60000346a9a0_0 .net "reg2Data", 63 0, L_0x600002d67e90;  1 drivers
v0x60000346aa30_0 .net "regReadAddressA", 4 0, L_0x600002d6c0e0;  1 drivers
v0x60000346aac0_0 .net "regReadAddressB", 4 0, L_0x600002d6c150;  1 drivers
v0x60000346ab50_0 .net "regWriteAddress", 4 0, L_0x600002d6c000;  1 drivers
v0x60000346abe0_0 .net "regWriteData", 63 0, L_0x600002d67f70;  1 drivers
v0x60000346ac70_0 .net "regWriteEnable", 0 0, L_0x600002d6c070;  1 drivers
v0x60000346ad00_0 .net "reset", 0 0, v0x60000346aeb0_0;  1 drivers
S_0x15260a300 .scope module, "controlInst" "control" 4 83, 4 279 0, S_0x15260a190;
 .timescale 0 0;
    .port_info 0 /INPUT 1 "clk";
    .port_info 1 /INPUT 1 "reset";
    .port_info 2 /INPUT 32 "instruction";
    .port_info 3 /INPUT 32 "programCounter";
    .port_info 4 /INPUT 64 "portAData";
    .port_info 5 /INPUT 64 "portBData";
    .port_info 6 /INPUT 64 "memData";
    .port_info 7 /OUTPUT 32 "programCounterNextState";
    .port_info 8 /OUTPUT 64 "writeBackData";
    .port_info 9 /OUTPUT 1 "memWriteEnabled";
    .port_info 10 /OUTPUT 32 "memAddress";
    .port_info 11 /OUTPUT 64 "memWriteData";
    .port_info 12 /OUTPUT 32 "dataAddress";
    .port_info 13 /OUTPUT 1 "writeEnable";
    .port_info 14 /OUTPUT 5 "writeRegister";
    .port_info 15 /OUTPUT 5 "regFileAddressA";
    .port_info 16 /OUTPUT 5 "regFileAddressB";
v0x600003465320_0 .net "aluResult", 63 0, v0x600003464b40_0;  1 drivers
v0x6000034653b0_0 .net "clk", 0 0, v0x60000346ae20_0;  alias, 1 drivers
v0x600003465440_0 .var "dataAddress", 31 0;
v0x6000034654d0_0 .net "fpuResult", 63 0, v0x600003465170_0;  1 drivers
v0x600003465560_0 .net "instruction", 31 0, L_0x600002d67db0;  alias, 1 drivers
v0x6000034655f0_0 .net "literal", 11 0, v0x600003464e10_0;  1 drivers
v0x600003465680_0 .var "memAddress", 31 0;
v0x600003465710_0 .net "memData", 63 0, L_0x6000037661c0;  alias, 1 drivers
v0x6000034657a0_0 .var "memWriteData", 63 0;
v0x600003465830_0 .var "memWriteEnabled", 0 0;
v0x6000034658c0_0 .net "opcode", 4 0, v0x600003464ea0_0;  1 drivers
v0x600003465950_0 .net "portAData", 63 0, L_0x600002d67e20;  alias, 1 drivers
v0x6000034659e0_0 .net "portBData", 63 0, L_0x600002d67e90;  alias, 1 drivers
v0x600003465a70_0 .net "programCounter", 31 0, v0x60000346a880_0;  1 drivers
v0x600003465b00_0 .var "programCounterNextState", 31 0;
v0x600003465b90_0 .net "rd", 4 0, v0x600003464f30_0;  1 drivers
v0x600003465c20_0 .var "rdData", 63 0;
v0x600003465cb0_0 .var "regFileAddressA", 4 0;
v0x600003465d40_0 .var "regFileAddressB", 4 0;
v0x600003465dd0_0 .net "reset", 0 0, v0x60000346aeb0_0;  alias, 1 drivers
v0x600003465e60_0 .net "rs", 4 0, v0x600003464fc0_0;  1 drivers
v0x600003465ef0_0 .var "rsData", 63 0;
v0x600003465f80_0 .net "rt", 4 0, v0x600003465050_0;  1 drivers
v0x600003466010_0 .var "rtData", 63 0;
v0x6000034660a0_0 .var "writeBackData", 63 0;
v0x600003466130_0 .var "writeEnable", 0 0;
v0x6000034661c0_0 .var "writeRegister", 4 0;
E_0x600001365b80/0 .event anyedge, v0x600003465a70_0, v0x600003464f30_0, v0x600003464a20_0, v0x600003464b40_0;
E_0x600001365b80/1 .event anyedge, v0x600003465950_0, v0x600003464990_0, v0x6000034659e0_0, v0x600003465710_0;
E_0x600001365b80/2 .event anyedge, v0x600003465170_0;
E_0x600001365b80 .event/or E_0x600001365b80/0, E_0x600001365b80/1, E_0x600001365b80/2;
E_0x600001365bc0 .event anyedge, v0x600003464a20_0, v0x600003464f30_0, v0x600003464fc0_0, v0x600003465050_0;
E_0x600001365c00 .event anyedge, v0x600003464a20_0, v0x600003465950_0, v0x6000034659e0_0;
S_0x152604fc0 .scope module, "aluInst" "alu" 4 341, 4 170 0, S_0x15260a300;
 .timescale 0 0;
    .port_info 0 /INPUT 64 "rd";
    .port_info 1 /INPUT 64 "rs";
    .port_info 2 /INPUT 64 "rt";
    .port_info 3 /INPUT 5 "opcode";
    .port_info 4 /INPUT 12 "literal";
    .port_info 5 /OUTPUT 64 "result";
v0x600003464990_0 .net "literal", 11 0, v0x600003464e10_0;  alias, 1 drivers
v0x600003464a20_0 .net "opcode", 4 0, v0x600003464ea0_0;  alias, 1 drivers
v0x600003464ab0_0 .net "rd", 63 0, v0x600003465c20_0;  1 drivers
v0x600003464b40_0 .var "result", 63 0;
v0x600003464bd0_0 .net "rs", 63 0, v0x600003465ef0_0;  1 drivers
v0x600003464c60_0 .net "rt", 63 0, v0x600003466010_0;  1 drivers
E_0x600001365c40/0 .event anyedge, v0x600003464a20_0, v0x600003464bd0_0, v0x600003464c60_0, v0x600003464ab0_0;
E_0x600001365c40/1 .event anyedge, v0x600003464990_0;
E_0x600001365c40 .event/or E_0x600001365c40/0, E_0x600001365c40/1;
S_0x152606600 .scope module, "decoder" "decoder" 4 302, 4 153 0, S_0x15260a300;
 .timescale 0 0;
    .port_info 0 /INPUT 32 "instruction";
    .port_info 1 /OUTPUT 5 "opcode";
    .port_info 2 /OUTPUT 5 "rd";
    .port_info 3 /OUTPUT 5 "rs";
    .port_info 4 /OUTPUT 5 "rt";
    .port_info 5 /OUTPUT 12 "literal";
v0x600003464d80_0 .net "instruction", 31 0, L_0x600002d67db0;  alias, 1 drivers
v0x600003464e10_0 .var "literal", 11 0;
v0x600003464ea0_0 .var "opcode", 4 0;
v0x600003464f30_0 .var "rd", 4 0;
v0x600003464fc0_0 .var "rs", 4 0;
v0x600003465050_0 .var "rt", 4 0;
E_0x600001365cc0 .event anyedge, v0x600003464d80_0;
S_0x152606770 .scope module, "fpuInst" "fpu" 4 352, 4 206 0, S_0x15260a300;
 .timescale 0 0;
    .port_info 0 /INPUT 64 "rs";
    .port_info 1 /INPUT 64 "rt";
    .port_info 2 /INPUT 5 "opcode";
    .port_info 3 /OUTPUT 64 "result";
v0x6000034650e0_0 .net "opcode", 4 0, v0x600003464ea0_0;  alias, 1 drivers
v0x600003465170_0 .var "result", 63 0;
v0x600003465200_0 .net "rs", 63 0, v0x600003465ef0_0;  alias, 1 drivers
v0x600003465290_0 .net "rt", 63 0, v0x600003466010_0;  alias, 1 drivers
E_0x600001365d40 .event anyedge, v0x600003464a20_0, v0x600003464bd0_0, v0x600003464c60_0;
S_0x152606100 .scope module, "fetchInst" "fetch" 4 31, 4 271 0, S_0x15260a190;
 .timescale 0 0;
    .port_info 0 /INPUT 32 "programCounter";
    .port_info 1 /INPUT 32 "fetchInstruction";
    .port_info 2 /OUTPUT 32 "instruction";
L_0x600002d67db0 .functor BUFZ 32, L_0x600003764640, C4<00000000000000000000000000000000>, C4<00000000000000000000000000000000>, C4<00000000000000000000000000000000>;
v0x600003464870_0 .net "fetchInstruction", 31 0, L_0x600003764640;  alias, 1 drivers
v0x6000034662e0_0 .net "instruction", 31 0, L_0x600002d67db0;  alias, 1 drivers
v0x600003466370_0 .net "programCounter", 31 0, v0x60000346a880_0;  alias, 1 drivers
S_0x152606270 .scope module, "instructionMemInstance" "memory" 4 18, 4 223 0, S_0x15260a190;
 .timescale 0 0;
    .port_info 0 /INPUT 1 "clk";
    .port_info 1 /INPUT 1 "reset";
    .port_info 2 /INPUT 32 "address";
    .port_info 3 /INPUT 1 "writeEnable";
    .port_info 4 /INPUT 64 "writeData";
    .port_info 5 /INPUT 32 "fetchAddress";
    .port_info 6 /INPUT 32 "dataAddress";
    .port_info 7 /OUTPUT 32 "fetchInstruction";
    .port_info 8 /OUTPUT 64 "dataOut";
P_0x600001365ec0 .param/l "MEM_SIZE" 0 4 234, +C4<00000000000010000000000000000000>;
v0x600003466400_0 .net *"_ivl_0", 7 0, L_0x6000037641e0;  1 drivers
v0x600003466490_0 .net *"_ivl_10", 31 0, L_0x6000037643c0;  1 drivers
v0x600003466520_0 .net *"_ivl_12", 7 0, L_0x600003764460;  1 drivers
L_0x1580600a0 .functor BUFT 1, C4<00000000000000000000000000000001>, C4<0>, C4<0>, C4<0>;
v0x6000034665b0_0 .net/2u *"_ivl_14", 31 0, L_0x1580600a0;  1 drivers
v0x600003466640_0 .net *"_ivl_16", 31 0, L_0x600003764500;  1 drivers
v0x6000034666d0_0 .net *"_ivl_18", 7 0, L_0x6000037645a0;  1 drivers
L_0x158060010 .functor BUFT 1, C4<00000000000000000000000000000011>, C4<0>, C4<0>, C4<0>;
v0x600003466760_0 .net/2u *"_ivl_2", 31 0, L_0x158060010;  1 drivers
v0x6000034667f0_0 .net *"_ivl_22", 7 0, L_0x6000037646e0;  1 drivers
L_0x1580600e8 .functor BUFT 1, C4<00000000000000000000000000000111>, C4<0>, C4<0>, C4<0>;
v0x600003466880_0 .net/2u *"_ivl_24", 31 0, L_0x1580600e8;  1 drivers
v0x600003466910_0 .net *"_ivl_26", 31 0, L_0x600003764780;  1 drivers
v0x6000034669a0_0 .net *"_ivl_28", 7 0, L_0x600003764820;  1 drivers
L_0x158060130 .functor BUFT 1, C4<00000000000000000000000000000110>, C4<0>, C4<0>, C4<0>;
v0x600003466a30_0 .net/2u *"_ivl_30", 31 0, L_0x158060130;  1 drivers
v0x600003466ac0_0 .net *"_ivl_32", 31 0, L_0x6000037648c0;  1 drivers
v0x600003466b50_0 .net *"_ivl_34", 7 0, L_0x600003764960;  1 drivers
L_0x158060178 .functor BUFT 1, C4<00000000000000000000000000000101>, C4<0>, C4<0>, C4<0>;
v0x600003466be0_0 .net/2u *"_ivl_36", 31 0, L_0x158060178;  1 drivers
v0x600003466c70_0 .net *"_ivl_38", 31 0, L_0x600003764a00;  1 drivers
v0x600003466d00_0 .net *"_ivl_4", 31 0, L_0x600003764280;  1 drivers
v0x600003466d90_0 .net *"_ivl_40", 7 0, L_0x600003764aa0;  1 drivers
L_0x1580601c0 .functor BUFT 1, C4<00000000000000000000000000000100>, C4<0>, C4<0>, C4<0>;
v0x600003466e20_0 .net/2u *"_ivl_42", 31 0, L_0x1580601c0;  1 drivers
v0x600003466eb0_0 .net *"_ivl_44", 31 0, L_0x600003764b40;  1 drivers
v0x600003466f40_0 .net *"_ivl_46", 7 0, L_0x600003764be0;  1 drivers
L_0x158060208 .functor BUFT 1, C4<00000000000000000000000000000011>, C4<0>, C4<0>, C4<0>;
v0x600003466fd0_0 .net/2u *"_ivl_48", 31 0, L_0x158060208;  1 drivers
v0x600003467060_0 .net *"_ivl_50", 31 0, L_0x600003764c80;  1 drivers
v0x6000034670f0_0 .net *"_ivl_52", 7 0, L_0x600003764d20;  1 drivers
L_0x158060250 .functor BUFT 1, C4<00000000000000000000000000000010>, C4<0>, C4<0>, C4<0>;
v0x600003467180_0 .net/2u *"_ivl_54", 31 0, L_0x158060250;  1 drivers
v0x600003467210_0 .net *"_ivl_56", 31 0, L_0x600003764e60;  1 drivers
v0x6000034672a0_0 .net *"_ivl_58", 7 0, L_0x600003764f00;  1 drivers
v0x600003467330_0 .net *"_ivl_6", 7 0, L_0x600003764320;  1 drivers
L_0x158060298 .functor BUFT 1, C4<00000000000000000000000000000001>, C4<0>, C4<0>, C4<0>;
v0x6000034673c0_0 .net/2u *"_ivl_60", 31 0, L_0x158060298;  1 drivers
v0x600003467450_0 .net *"_ivl_62", 31 0, L_0x600003764dc0;  1 drivers
v0x6000034674e0_0 .net *"_ivl_64", 7 0, L_0x600003764fa0;  1 drivers
L_0x158060058 .functor BUFT 1, C4<00000000000000000000000000000010>, C4<0>, C4<0>, C4<0>;
v0x600003467570_0 .net/2u *"_ivl_8", 31 0, L_0x158060058;  1 drivers
v0x600003467600_0 .net "address", 31 0, v0x60000346a880_0;  alias, 1 drivers
v0x600003467690 .array "bytes", 524287 0, 7 0;
v0x600003467720_0 .net "clk", 0 0, v0x60000346ae20_0;  alias, 1 drivers
L_0x158060370 .functor BUFT 1, C4<00000000000000000000000000000000>, C4<0>, C4<0>, C4<0>;
v0x6000034677b0_0 .net "dataAddress", 31 0, L_0x158060370;  1 drivers
v0x600003467840_0 .net "dataOut", 63 0, L_0x600003765040;  1 drivers
v0x6000034678d0_0 .net "fetchAddress", 31 0, v0x60000346a880_0;  alias, 1 drivers
v0x600003467960_0 .net "fetchInstruction", 31 0, L_0x600003764640;  alias, 1 drivers
v0x6000034679f0_0 .net "reset", 0 0, v0x60000346aeb0_0;  alias, 1 drivers
L_0x158060328 .functor BUFT 1, C4<0000000000000000000000000000000000000000000000000000000000000000>, C4<0>, C4<0>, C4<0>;
v0x600003467a80_0 .net "writeData", 63 0, L_0x158060328;  1 drivers
L_0x1580602e0 .functor BUFT 1, C4<0>, C4<0>, C4<0>, C4<0>;
v0x600003467b10_0 .net "writeEnable", 0 0, L_0x1580602e0;  1 drivers
E_0x600001365f40 .event posedge, v0x6000034653b0_0;
L_0x6000037641e0 .array/port v0x600003467690, L_0x600003764280;
L_0x600003764280 .arith/sum 32, v0x60000346a880_0, L_0x158060010;
L_0x600003764320 .array/port v0x600003467690, L_0x6000037643c0;
L_0x6000037643c0 .arith/sum 32, v0x60000346a880_0, L_0x158060058;
L_0x600003764460 .array/port v0x600003467690, L_0x600003764500;
L_0x600003764500 .arith/sum 32, v0x60000346a880_0, L_0x1580600a0;
L_0x6000037645a0 .array/port v0x600003467690, v0x60000346a880_0;
L_0x600003764640 .concat [ 8 8 8 8], L_0x6000037645a0, L_0x600003764460, L_0x600003764320, L_0x6000037641e0;
L_0x6000037646e0 .array/port v0x600003467690, L_0x600003764780;
L_0x600003764780 .arith/sum 32, L_0x158060370, L_0x1580600e8;
L_0x600003764820 .array/port v0x600003467690, L_0x6000037648c0;
L_0x6000037648c0 .arith/sum 32, L_0x158060370, L_0x158060130;
L_0x600003764960 .array/port v0x600003467690, L_0x600003764a00;
L_0x600003764a00 .arith/sum 32, L_0x158060370, L_0x158060178;
L_0x600003764aa0 .array/port v0x600003467690, L_0x600003764b40;
L_0x600003764b40 .arith/sum 32, L_0x158060370, L_0x1580601c0;
L_0x600003764be0 .array/port v0x600003467690, L_0x600003764c80;
L_0x600003764c80 .arith/sum 32, L_0x158060370, L_0x158060208;
L_0x600003764d20 .array/port v0x600003467690, L_0x600003764e60;
L_0x600003764e60 .arith/sum 32, L_0x158060370, L_0x158060250;
L_0x600003764f00 .array/port v0x600003467690, L_0x600003764dc0;
L_0x600003764dc0 .arith/sum 32, L_0x158060370, L_0x158060298;
L_0x600003764fa0 .array/port v0x600003467690, L_0x158060370;
LS_0x600003765040_0_0 .concat [ 8 8 8 8], L_0x600003764fa0, L_0x600003764f00, L_0x600003764d20, L_0x600003764be0;
LS_0x600003765040_0_4 .concat [ 8 8 8 8], L_0x600003764aa0, L_0x600003764960, L_0x600003764820, L_0x6000037646e0;
L_0x600003765040 .concat [ 32 32 0 0], LS_0x600003765040_0_0, LS_0x600003765040_0_4;
S_0x152605c00 .scope module, "memory" "memory" 4 60, 4 223 0, S_0x15260a190;
 .timescale 0 0;
    .port_info 0 /INPUT 1 "clk";
    .port_info 1 /INPUT 1 "reset";
    .port_info 2 /INPUT 32 "address";
    .port_info 3 /INPUT 1 "writeEnable";
    .port_info 4 /INPUT 64 "writeData";
    .port_info 5 /INPUT 32 "fetchAddress";
    .port_info 6 /INPUT 32 "dataAddress";
    .port_info 7 /OUTPUT 32 "fetchInstruction";
    .port_info 8 /OUTPUT 64 "dataOut";
P_0x600001365fc0 .param/l "MEM_SIZE" 0 4 234, +C4<00000000000010000000000000000000>;
v0x600003467ba0_0 .net *"_ivl_0", 7 0, L_0x600003765360;  1 drivers
v0x600003467c30_0 .net *"_ivl_10", 31 0, L_0x600003765540;  1 drivers
v0x600003467cc0_0 .net *"_ivl_12", 7 0, L_0x6000037655e0;  1 drivers
L_0x1580604d8 .functor BUFT 1, C4<00000000000000000000000000000001>, C4<0>, C4<0>, C4<0>;
v0x600003467d50_0 .net/2u *"_ivl_14", 31 0, L_0x1580604d8;  1 drivers
v0x600003467de0_0 .net *"_ivl_16", 31 0, L_0x600003765680;  1 drivers
v0x600003467e70_0 .net *"_ivl_18", 7 0, L_0x600003765720;  1 drivers
L_0x158060448 .functor BUFT 1, C4<00000000000000000000000000000011>, C4<0>, C4<0>, C4<0>;
v0x600003467f00_0 .net/2u *"_ivl_2", 31 0, L_0x158060448;  1 drivers
v0x600003468000_0 .net *"_ivl_22", 7 0, L_0x600003765860;  1 drivers
L_0x158060520 .functor BUFT 1, C4<00000000000000000000000000000111>, C4<0>, C4<0>, C4<0>;
v0x600003468090_0 .net/2u *"_ivl_24", 31 0, L_0x158060520;  1 drivers
v0x600003468120_0 .net *"_ivl_26", 31 0, L_0x600003765900;  1 drivers
v0x6000034681b0_0 .net *"_ivl_28", 7 0, L_0x6000037659a0;  1 drivers
L_0x158060568 .functor BUFT 1, C4<00000000000000000000000000000110>, C4<0>, C4<0>, C4<0>;
v0x600003468240_0 .net/2u *"_ivl_30", 31 0, L_0x158060568;  1 drivers
v0x6000034682d0_0 .net *"_ivl_32", 31 0, L_0x600003765a40;  1 drivers
v0x600003468360_0 .net *"_ivl_34", 7 0, L_0x600003765ae0;  1 drivers
L_0x1580605b0 .functor BUFT 1, C4<00000000000000000000000000000101>, C4<0>, C4<0>, C4<0>;
v0x6000034683f0_0 .net/2u *"_ivl_36", 31 0, L_0x1580605b0;  1 drivers
v0x600003468480_0 .net *"_ivl_38", 31 0, L_0x600003765b80;  1 drivers
v0x600003468510_0 .net *"_ivl_4", 31 0, L_0x600003765400;  1 drivers
v0x6000034685a0_0 .net *"_ivl_40", 7 0, L_0x600003765c20;  1 drivers
L_0x1580605f8 .functor BUFT 1, C4<00000000000000000000000000000100>, C4<0>, C4<0>, C4<0>;
v0x600003468630_0 .net/2u *"_ivl_42", 31 0, L_0x1580605f8;  1 drivers
v0x6000034686c0_0 .net *"_ivl_44", 31 0, L_0x600003765cc0;  1 drivers
v0x600003468750_0 .net *"_ivl_46", 7 0, L_0x600003765d60;  1 drivers
L_0x158060640 .functor BUFT 1, C4<00000000000000000000000000000011>, C4<0>, C4<0>, C4<0>;
v0x6000034687e0_0 .net/2u *"_ivl_48", 31 0, L_0x158060640;  1 drivers
v0x600003468870_0 .net *"_ivl_50", 31 0, L_0x600003765e00;  1 drivers
v0x600003468900_0 .net *"_ivl_52", 7 0, L_0x600003765ea0;  1 drivers
L_0x158060688 .functor BUFT 1, C4<00000000000000000000000000000010>, C4<0>, C4<0>, C4<0>;
v0x600003468990_0 .net/2u *"_ivl_54", 31 0, L_0x158060688;  1 drivers
v0x600003468a20_0 .net *"_ivl_56", 31 0, L_0x600003765fe0;  1 drivers
v0x600003468ab0_0 .net *"_ivl_58", 7 0, L_0x600003766080;  1 drivers
v0x600003468b40_0 .net *"_ivl_6", 7 0, L_0x6000037654a0;  1 drivers
L_0x1580606d0 .functor BUFT 1, C4<00000000000000000000000000000001>, C4<0>, C4<0>, C4<0>;
v0x600003468bd0_0 .net/2u *"_ivl_60", 31 0, L_0x1580606d0;  1 drivers
v0x600003468c60_0 .net *"_ivl_62", 31 0, L_0x600003765f40;  1 drivers
v0x600003468cf0_0 .net *"_ivl_64", 7 0, L_0x600003766120;  1 drivers
L_0x158060490 .functor BUFT 1, C4<00000000000000000000000000000010>, C4<0>, C4<0>, C4<0>;
v0x600003468d80_0 .net/2u *"_ivl_8", 31 0, L_0x158060490;  1 drivers
v0x600003468e10_0 .net "address", 31 0, L_0x600002d6c1c0;  alias, 1 drivers
v0x600003468ea0 .array "bytes", 524287 0, 7 0;
v0x600003468f30_0 .net "clk", 0 0, v0x60000346ae20_0;  alias, 1 drivers
v0x600003468fc0_0 .net "dataAddress", 31 0, L_0x600002d6c310;  alias, 1 drivers
v0x600003469050_0 .net "dataOut", 63 0, L_0x6000037661c0;  alias, 1 drivers
L_0x158060718 .functor BUFT 1, C4<00000000000000000000000000000000>, C4<0>, C4<0>, C4<0>;
v0x6000034690e0_0 .net "fetchAddress", 31 0, L_0x158060718;  1 drivers
v0x600003469170_0 .net "fetchInstruction", 31 0, L_0x6000037657c0;  1 drivers
v0x600003469200_0 .net "reset", 0 0, v0x60000346aeb0_0;  alias, 1 drivers
v0x600003469290_0 .net "writeData", 63 0, L_0x600002d6c2a0;  alias, 1 drivers
v0x600003469320_0 .net "writeEnable", 0 0, L_0x600002d6c230;  alias, 1 drivers
L_0x600003765360 .array/port v0x600003468ea0, L_0x600003765400;
L_0x600003765400 .arith/sum 32, L_0x158060718, L_0x158060448;
L_0x6000037654a0 .array/port v0x600003468ea0, L_0x600003765540;
L_0x600003765540 .arith/sum 32, L_0x158060718, L_0x158060490;
L_0x6000037655e0 .array/port v0x600003468ea0, L_0x600003765680;
L_0x600003765680 .arith/sum 32, L_0x158060718, L_0x1580604d8;
L_0x600003765720 .array/port v0x600003468ea0, L_0x158060718;
L_0x6000037657c0 .concat [ 8 8 8 8], L_0x600003765720, L_0x6000037655e0, L_0x6000037654a0, L_0x600003765360;
L_0x600003765860 .array/port v0x600003468ea0, L_0x600003765900;
L_0x600003765900 .arith/sum 32, L_0x600002d6c310, L_0x158060520;
L_0x6000037659a0 .array/port v0x600003468ea0, L_0x600003765a40;
L_0x600003765a40 .arith/sum 32, L_0x600002d6c310, L_0x158060568;
L_0x600003765ae0 .array/port v0x600003468ea0, L_0x600003765b80;
L_0x600003765b80 .arith/sum 32, L_0x600002d6c310, L_0x1580605b0;
L_0x600003765c20 .array/port v0x600003468ea0, L_0x600003765cc0;
L_0x600003765cc0 .arith/sum 32, L_0x600002d6c310, L_0x1580605f8;
L_0x600003765d60 .array/port v0x600003468ea0, L_0x600003765e00;
L_0x600003765e00 .arith/sum 32, L_0x600002d6c310, L_0x158060640;
L_0x600003765ea0 .array/port v0x600003468ea0, L_0x600003765fe0;
L_0x600003765fe0 .arith/sum 32, L_0x600002d6c310, L_0x158060688;
L_0x600003766080 .array/port v0x600003468ea0, L_0x600003765f40;
L_0x600003765f40 .arith/sum 32, L_0x600002d6c310, L_0x1580606d0;
L_0x600003766120 .array/port v0x600003468ea0, L_0x600002d6c310;
LS_0x6000037661c0_0_0 .concat [ 8 8 8 8], L_0x600003766120, L_0x600003766080, L_0x600003765ea0, L_0x600003765d60;
LS_0x6000037661c0_0_4 .concat [ 8 8 8 8], L_0x600003765c20, L_0x600003765ae0, L_0x6000037659a0, L_0x600003765860;
L_0x6000037661c0 .concat [ 32 32 0 0], LS_0x6000037661c0_0_0, LS_0x6000037661c0_0_4;
S_0x152605d70 .scope module, "reg_file" "register_file" 4 42, 4 116 0, S_0x15260a190;
 .timescale 0 0;
    .port_info 0 /INPUT 1 "clk";
    .port_info 1 /INPUT 1 "reset";
    .port_info 2 /INPUT 5 "readReg1";
    .port_info 3 /INPUT 5 "readReg2";
    .port_info 4 /INPUT 5 "writeReg";
    .port_info 5 /INPUT 64 "writeData";
    .port_info 6 /INPUT 1 "allowWrite";
    .port_info 7 /OUTPUT 64 "reg1Data";
    .port_info 8 /OUTPUT 64 "reg2Data";
    .port_info 9 /OUTPUT 2048 "registers";
P_0x600001366100 .param/l "MEM_SIZE" 0 4 128, +C4<00000000000010000000000000000000>;
L_0x600002d67e20 .functor BUFZ 64, L_0x6000037650e0, C4<0000000000000000000000000000000000000000000000000000000000000000>, C4<0000000000000000000000000000000000000000000000000000000000000000>, C4<0000000000000000000000000000000000000000000000000000000000000000>;
L_0x600002d67e90 .functor BUFZ 64, L_0x600003765220, C4<0000000000000000000000000000000000000000000000000000000000000000>, C4<0000000000000000000000000000000000000000000000000000000000000000>, C4<0000000000000000000000000000000000000000000000000000000000000000>;
v0x600003469440_0 .net *"_ivl_0", 63 0, L_0x6000037650e0;  1 drivers
v0x6000034694d0_0 .net *"_ivl_10", 6 0, L_0x6000037652c0;  1 drivers
L_0x158060400 .functor BUFT 1, C4<00>, C4<0>, C4<0>, C4<0>;
v0x600003469560_0 .net *"_ivl_13", 1 0, L_0x158060400;  1 drivers
v0x6000034695f0_0 .net *"_ivl_2", 6 0, L_0x600003765180;  1 drivers
L_0x1580603b8 .functor BUFT 1, C4<00>, C4<0>, C4<0>, C4<0>;
v0x600003469680_0 .net *"_ivl_5", 1 0, L_0x1580603b8;  1 drivers
v0x600003469710_0 .net *"_ivl_8", 63 0, L_0x600003765220;  1 drivers
v0x6000034697a0_0 .net "allowWrite", 0 0, L_0x600002d6c070;  alias, 1 drivers
v0x600003469830_0 .net "clk", 0 0, v0x60000346ae20_0;  alias, 1 drivers
v0x6000034698c0_0 .var/i "i", 31 0;
v0x600003469950_0 .net "readReg1", 4 0, L_0x600002d6c0e0;  alias, 1 drivers
v0x6000034699e0_0 .net "readReg2", 4 0, L_0x600002d6c150;  alias, 1 drivers
v0x600003469a70_0 .net "reg1Data", 63 0, L_0x600002d67e20;  alias, 1 drivers
v0x600003469b00_0 .net "reg2Data", 63 0, L_0x600002d67e90;  alias, 1 drivers
v0x600003469b90 .array "registers", 31 0, 63 0;
v0x600003469c20_0 .net "reset", 0 0, v0x60000346aeb0_0;  alias, 1 drivers
v0x600003469cb0_0 .net "writeData", 63 0, L_0x600002d67f70;  alias, 1 drivers
v0x600003469d40_0 .net "writeReg", 4 0, L_0x600002d6c000;  alias, 1 drivers
E_0x600001366180 .event posedge, v0x600003465dd0_0, v0x6000034653b0_0;
L_0x6000037650e0 .array/port v0x600003469b90, L_0x600003765180;
L_0x600003765180 .concat [ 5 2 0 0], L_0x600002d6c0e0, L_0x1580603b8;
L_0x600003765220 .array/port v0x600003469b90, L_0x6000037652c0;
L_0x6000037652c0 .concat [ 5 2 0 0], L_0x600002d6c150, L_0x158060400;
S_0x1526070e0 .scope begin, "$unm_blk_2" "$unm_blk_2" 4 130, 4 130 0, S_0x152605d70;
 .timescale 0 0;
v0x6000034693b0_0 .var/i "i", 31 0;
    .scope S_0x152606270;
T_0 ;
    %wait E_0x600001365f40;
    %load/vec4 v0x6000034679f0_0;
    %flag_set/vec4 8;
    %jmp/0xz  T_0.0, 8;
T_0.0 ;
    %load/vec4 v0x600003467b10_0;
    %flag_set/vec4 8;
    %jmp/0xz  T_0.2, 8;
    %load/vec4 v0x600003467a80_0;
    %parti/s 8, 56, 7;
    %ix/getv 3, v0x600003467600_0;
    %ix/load 4, 0, 0; Constant delay
    %assign/vec4/a/d v0x600003467690, 0, 4;
    %load/vec4 v0x600003467a80_0;
    %parti/s 8, 48, 7;
    %load/vec4 v0x600003467600_0;
    %addi 1, 0, 32;
    %ix/vec4 3;
    %ix/load 4, 0, 0; Constant delay
    %assign/vec4/a/d v0x600003467690, 0, 4;
    %load/vec4 v0x600003467a80_0;
    %parti/s 8, 40, 7;
    %load/vec4 v0x600003467600_0;
    %addi 2, 0, 32;
    %ix/vec4 3;
    %ix/load 4, 0, 0; Constant delay
    %assign/vec4/a/d v0x600003467690, 0, 4;
    %load/vec4 v0x600003467a80_0;
    %parti/s 8, 32, 7;
    %load/vec4 v0x600003467600_0;
    %addi 3, 0, 32;
    %ix/vec4 3;
    %ix/load 4, 0, 0; Constant delay
    %assign/vec4/a/d v0x600003467690, 0, 4;
    %load/vec4 v0x600003467a80_0;
    %parti/s 8, 24, 6;
    %load/vec4 v0x600003467600_0;
    %addi 4, 0, 32;
    %ix/vec4 3;
    %ix/load 4, 0, 0; Constant delay
    %assign/vec4/a/d v0x600003467690, 0, 4;
    %load/vec4 v0x600003467a80_0;
    %parti/s 8, 16, 6;
    %load/vec4 v0x600003467600_0;
    %addi 5, 0, 32;
    %ix/vec4 3;
    %ix/load 4, 0, 0; Constant delay
    %assign/vec4/a/d v0x600003467690, 0, 4;
    %load/vec4 v0x600003467a80_0;
    %parti/s 8, 8, 5;
    %load/vec4 v0x600003467600_0;
    %addi 6, 0, 32;
    %ix/vec4 3;
    %ix/load 4, 0, 0; Constant delay
    %assign/vec4/a/d v0x600003467690, 0, 4;
    %load/vec4 v0x600003467a80_0;
    %parti/s 8, 0, 2;
    %load/vec4 v0x600003467600_0;
    %addi 7, 0, 32;
    %ix/vec4 3;
    %ix/load 4, 0, 0; Constant delay
    %assign/vec4/a/d v0x600003467690, 0, 4;
T_0.2 ;
    %jmp T_0;
    .thread T_0;
    .scope S_0x152605d70;
T_1 ;
    %fork t_1, S_0x1526070e0;
    %jmp t_0;
    .scope S_0x1526070e0;
t_1 ;
    %pushi/vec4 0, 0, 32;
    %store/vec4 v0x6000034693b0_0, 0, 32;
T_1.0 ;
    %load/vec4 v0x6000034693b0_0;
    %cmpi/s 32, 0, 32;
    %jmp/0xz T_1.1, 5;
    %pushi/vec4 0, 0, 64;
    %ix/getv/s 4, v0x6000034693b0_0;
    %store/vec4a v0x600003469b90, 4, 0;
    %load/vec4 v0x6000034693b0_0;
    %addi 1, 0, 32;
    %store/vec4 v0x6000034693b0_0, 0, 32;
    %jmp T_1.0;
T_1.1 ;
    %pushi/vec4 65536, 0, 64;
    %ix/load 4, 31, 0;
    %flag_set/imm 4, 0;
    %store/vec4a v0x600003469b90, 4, 0;
    %end;
    .scope S_0x152605d70;
t_0 %join;
    %end;
    .thread T_1;
    .scope S_0x152605d70;
T_2 ;
    %wait E_0x600001366180;
    %load/vec4 v0x600003469c20_0;
    %flag_set/vec4 8;
    %jmp/0xz  T_2.0, 8;
    %pushi/vec4 0, 0, 32;
    %store/vec4 v0x6000034698c0_0, 0, 32;
T_2.2 ;
    %load/vec4 v0x6000034698c0_0;
    %cmpi/s 32, 0, 32;
    %jmp/0xz T_2.3, 5;
    %pushi/vec4 0, 0, 64;
    %ix/getv/s 4, v0x6000034698c0_0;
    %store/vec4a v0x600003469b90, 4, 0;
    %load/vec4 v0x6000034698c0_0;
    %addi 1, 0, 32;
    %store/vec4 v0x6000034698c0_0, 0, 32;
    %jmp T_2.2;
T_2.3 ;
    %pushi/vec4 65536, 0, 64;
    %ix/load 4, 31, 0;
    %flag_set/imm 4, 0;
    %store/vec4a v0x600003469b90, 4, 0;
    %jmp T_2.1;
T_2.0 ;
    %load/vec4 v0x6000034697a0_0;
    %flag_set/vec4 9;
    %flag_get/vec4 9;
    %jmp/0 T_2.6, 9;
    %load/vec4 v0x600003469d40_0;
    %pad/u 32;
    %pushi/vec4 0, 0, 32;
    %cmp/ne;
    %flag_get/vec4 4;
    %and;
T_2.6;
    %flag_set/vec4 8;
    %jmp/0xz  T_2.4, 8;
    %load/vec4 v0x600003469cb0_0;
    %load/vec4 v0x600003469d40_0;
    %pad/u 7;
    %ix/vec4 3;
    %ix/load 4, 0, 0; Constant delay
    %assign/vec4/a/d v0x600003469b90, 0, 4;
T_2.4 ;
T_2.1 ;
    %jmp T_2;
    .thread T_2;
    .scope S_0x152605c00;
T_3 ;
    %wait E_0x600001365f40;
    %load/vec4 v0x600003469200_0;
    %flag_set/vec4 8;
    %jmp/0xz  T_3.0, 8;
T_3.0 ;
    %load/vec4 v0x600003469320_0;
    %flag_set/vec4 8;
    %jmp/0xz  T_3.2, 8;
    %load/vec4 v0x600003469290_0;
    %parti/s 8, 56, 7;
    %ix/getv 3, v0x600003468e10_0;
    %ix/load 4, 0, 0; Constant delay
    %assign/vec4/a/d v0x600003468ea0, 0, 4;
    %load/vec4 v0x600003469290_0;
    %parti/s 8, 48, 7;
    %load/vec4 v0x600003468e10_0;
    %addi 1, 0, 32;
    %ix/vec4 3;
    %ix/load 4, 0, 0; Constant delay
    %assign/vec4/a/d v0x600003468ea0, 0, 4;
    %load/vec4 v0x600003469290_0;
    %parti/s 8, 40, 7;
    %load/vec4 v0x600003468e10_0;
    %addi 2, 0, 32;
    %ix/vec4 3;
    %ix/load 4, 0, 0; Constant delay
    %assign/vec4/a/d v0x600003468ea0, 0, 4;
    %load/vec4 v0x600003469290_0;
    %parti/s 8, 32, 7;
    %load/vec4 v0x600003468e10_0;
    %addi 3, 0, 32;
    %ix/vec4 3;
    %ix/load 4, 0, 0; Constant delay
    %assign/vec4/a/d v0x600003468ea0, 0, 4;
    %load/vec4 v0x600003469290_0;
    %parti/s 8, 24, 6;
    %load/vec4 v0x600003468e10_0;
    %addi 4, 0, 32;
    %ix/vec4 3;
    %ix/load 4, 0, 0; Constant delay
    %assign/vec4/a/d v0x600003468ea0, 0, 4;
    %load/vec4 v0x600003469290_0;
    %parti/s 8, 16, 6;
    %load/vec4 v0x600003468e10_0;
    %addi 5, 0, 32;
    %ix/vec4 3;
    %ix/load 4, 0, 0; Constant delay
    %assign/vec4/a/d v0x600003468ea0, 0, 4;
    %load/vec4 v0x600003469290_0;
    %parti/s 8, 8, 5;
    %load/vec4 v0x600003468e10_0;
    %addi 6, 0, 32;
    %ix/vec4 3;
    %ix/load 4, 0, 0; Constant delay
    %assign/vec4/a/d v0x600003468ea0, 0, 4;
    %load/vec4 v0x600003469290_0;
    %parti/s 8, 0, 2;
    %load/vec4 v0x600003468e10_0;
    %addi 7, 0, 32;
    %ix/vec4 3;
    %ix/load 4, 0, 0; Constant delay
    %assign/vec4/a/d v0x600003468ea0, 0, 4;
T_3.2 ;
    %jmp T_3;
    .thread T_3;
    .scope S_0x152606600;
T_4 ;
    %wait E_0x600001365cc0;
    %load/vec4 v0x600003464d80_0;
    %parti/s 5, 27, 6;
    %store/vec4 v0x600003464ea0_0, 0, 5;
    %load/vec4 v0x600003464d80_0;
    %parti/s 5, 22, 6;
    %store/vec4 v0x600003464f30_0, 0, 5;
    %load/vec4 v0x600003464d80_0;
    %parti/s 5, 17, 6;
    %store/vec4 v0x600003464fc0_0, 0, 5;
    %load/vec4 v0x600003464d80_0;
    %parti/s 5, 12, 5;
    %store/vec4 v0x600003465050_0, 0, 5;
    %load/vec4 v0x600003464d80_0;
    %parti/s 12, 0, 2;
    %store/vec4 v0x600003464e10_0, 0, 12;
    %jmp T_4;
    .thread T_4, $push;
    .scope S_0x152604fc0;
T_5 ;
    %wait E_0x600001365c40;
    %load/vec4 v0x600003464a20_0;
    %dup/vec4;
    %pushi/vec4 24, 0, 5;
    %cmp/u;
    %jmp/1 T_5.0, 6;
    %dup/vec4;
    %pushi/vec4 25, 0, 5;
    %cmp/u;
    %jmp/1 T_5.1, 6;
    %dup/vec4;
    %pushi/vec4 26, 0, 5;
    %cmp/u;
    %jmp/1 T_5.2, 6;
    %dup/vec4;
    %pushi/vec4 27, 0, 5;
    %cmp/u;
    %jmp/1 T_5.3, 6;
    %dup/vec4;
    %pushi/vec4 28, 0, 5;
    %cmp/u;
    %jmp/1 T_5.4, 6;
    %dup/vec4;
    %pushi/vec4 29, 0, 5;
    %cmp/u;
    %jmp/1 T_5.5, 6;
    %dup/vec4;
    %pushi/vec4 0, 0, 5;
    %cmp/u;
    %jmp/1 T_5.6, 6;
    %dup/vec4;
    %pushi/vec4 1, 0, 5;
    %cmp/u;
    %jmp/1 T_5.7, 6;
    %dup/vec4;
    %pushi/vec4 2, 0, 5;
    %cmp/u;
    %jmp/1 T_5.8, 6;
    %dup/vec4;
    %pushi/vec4 3, 0, 5;
    %cmp/u;
    %jmp/1 T_5.9, 6;
    %dup/vec4;
    %pushi/vec4 4, 0, 5;
    %cmp/u;
    %jmp/1 T_5.10, 6;
    %dup/vec4;
    %pushi/vec4 5, 0, 5;
    %cmp/u;
    %jmp/1 T_5.11, 6;
    %dup/vec4;
    %pushi/vec4 6, 0, 5;
    %cmp/u;
    %jmp/1 T_5.12, 6;
    %dup/vec4;
    %pushi/vec4 7, 0, 5;
    %cmp/u;
    %jmp/1 T_5.13, 6;
    %dup/vec4;
    %pushi/vec4 17, 0, 5;
    %cmp/u;
    %jmp/1 T_5.14, 6;
    %dup/vec4;
    %pushi/vec4 18, 0, 5;
    %cmp/u;
    %jmp/1 T_5.15, 6;
    %pushi/vec4 0, 0, 64;
    %store/vec4 v0x600003464b40_0, 0, 64;
    %jmp T_5.17;
T_5.0 ;
    %load/vec4 v0x600003464bd0_0;
    %load/vec4 v0x600003464c60_0;
    %add;
    %store/vec4 v0x600003464b40_0, 0, 64;
    %jmp T_5.17;
T_5.1 ;
    %load/vec4 v0x600003464ab0_0;
    %load/vec4 v0x600003464990_0;
    %pad/u 64;
    %add;
    %store/vec4 v0x600003464b40_0, 0, 64;
    %jmp T_5.17;
T_5.2 ;
    %load/vec4 v0x600003464bd0_0;
    %load/vec4 v0x600003464c60_0;
    %sub;
    %store/vec4 v0x600003464b40_0, 0, 64;
    %jmp T_5.17;
T_5.3 ;
    %load/vec4 v0x600003464ab0_0;
    %load/vec4 v0x600003464990_0;
    %pad/u 64;
    %sub;
    %store/vec4 v0x600003464b40_0, 0, 64;
    %jmp T_5.17;
T_5.4 ;
    %load/vec4 v0x600003464bd0_0;
    %load/vec4 v0x600003464c60_0;
    %mul;
    %store/vec4 v0x600003464b40_0, 0, 64;
    %jmp T_5.17;
T_5.5 ;
    %load/vec4 v0x600003464bd0_0;
    %load/vec4 v0x600003464c60_0;
    %div;
    %store/vec4 v0x600003464b40_0, 0, 64;
    %jmp T_5.17;
T_5.6 ;
    %load/vec4 v0x600003464bd0_0;
    %load/vec4 v0x600003464c60_0;
    %and;
    %store/vec4 v0x600003464b40_0, 0, 64;
    %jmp T_5.17;
T_5.7 ;
    %load/vec4 v0x600003464bd0_0;
    %load/vec4 v0x600003464c60_0;
    %or;
    %store/vec4 v0x600003464b40_0, 0, 64;
    %jmp T_5.17;
T_5.8 ;
    %load/vec4 v0x600003464bd0_0;
    %load/vec4 v0x600003464c60_0;
    %xor;
    %store/vec4 v0x600003464b40_0, 0, 64;
    %jmp T_5.17;
T_5.9 ;
    %load/vec4 v0x600003464bd0_0;
    %inv;
    %store/vec4 v0x600003464b40_0, 0, 64;
    %jmp T_5.17;
T_5.10 ;
    %load/vec4 v0x600003464bd0_0;
    %ix/getv 4, v0x600003464c60_0;
    %shiftr 4;
    %store/vec4 v0x600003464b40_0, 0, 64;
    %jmp T_5.17;
T_5.11 ;
    %load/vec4 v0x600003464ab0_0;
    %ix/getv 4, v0x600003464990_0;
    %shiftr 4;
    %store/vec4 v0x600003464b40_0, 0, 64;
    %jmp T_5.17;
T_5.12 ;
    %load/vec4 v0x600003464bd0_0;
    %ix/getv 4, v0x600003464c60_0;
    %shiftl 4;
    %store/vec4 v0x600003464b40_0, 0, 64;
    %jmp T_5.17;
T_5.13 ;
    %load/vec4 v0x600003464ab0_0;
    %ix/getv 4, v0x600003464990_0;
    %shiftl 4;
    %store/vec4 v0x600003464b40_0, 0, 64;
    %jmp T_5.17;
T_5.14 ;
    %load/vec4 v0x600003464bd0_0;
    %store/vec4 v0x600003464b40_0, 0, 64;
    %jmp T_5.17;
T_5.15 ;
    %load/vec4 v0x600003464ab0_0;
    %pushi/vec4 4294967295, 0, 32;
    %concati/vec4 4294963200, 0, 32;
    %and;
    %load/vec4 v0x600003464990_0;
    %pad/u 64;
    %or;
    %store/vec4 v0x600003464b40_0, 0, 64;
    %jmp T_5.17;
T_5.17 ;
    %pop/vec4 1;
    %jmp T_5;
    .thread T_5, $push;
    .scope S_0x152606770;
T_6 ;
    %wait E_0x600001365d40;
    %load/vec4 v0x6000034650e0_0;
    %dup/vec4;
    %pushi/vec4 20, 0, 5;
    %cmp/u;
    %jmp/1 T_6.0, 6;
    %dup/vec4;
    %pushi/vec4 21, 0, 5;
    %cmp/u;
    %jmp/1 T_6.1, 6;
    %dup/vec4;
    %pushi/vec4 22, 0, 5;
    %cmp/u;
    %jmp/1 T_6.2, 6;
    %dup/vec4;
    %pushi/vec4 23, 0, 5;
    %cmp/u;
    %jmp/1 T_6.3, 6;
    %pushi/vec4 0, 0, 64;
    %store/vec4 v0x600003465170_0, 0, 64;
    %jmp T_6.5;
T_6.0 ;
    %vpi_func/r 4 214 "$bitstoreal", v0x600003465200_0 {0 0 0};
    %vpi_func/r 4 214 "$bitstoreal", v0x600003465290_0 {0 0 0};
    %add/wr;
    %vpi_func 4 214 "$realtobits" 64, W<0,r> {0 1 0};
    %store/vec4 v0x600003465170_0, 0, 64;
    %jmp T_6.5;
T_6.1 ;
    %vpi_func/r 4 215 "$bitstoreal", v0x600003465200_0 {0 0 0};
    %vpi_func/r 4 215 "$bitstoreal", v0x600003465290_0 {0 0 0};
    %sub/wr;
    %vpi_func 4 215 "$realtobits" 64, W<0,r> {0 1 0};
    %store/vec4 v0x600003465170_0, 0, 64;
    %jmp T_6.5;
T_6.2 ;
    %vpi_func/r 4 216 "$bitstoreal", v0x600003465200_0 {0 0 0};
    %vpi_func/r 4 216 "$bitstoreal", v0x600003465290_0 {0 0 0};
    %mul/wr;
    %vpi_func 4 216 "$realtobits" 64, W<0,r> {0 1 0};
    %store/vec4 v0x600003465170_0, 0, 64;
    %jmp T_6.5;
T_6.3 ;
    %vpi_func/r 4 217 "$bitstoreal", v0x600003465200_0 {0 0 0};
    %vpi_func/r 4 217 "$bitstoreal", v0x600003465290_0 {0 0 0};
    %div/wr;
    %vpi_func 4 217 "$realtobits" 64, W<0,r> {0 1 0};
    %store/vec4 v0x600003465170_0, 0, 64;
    %jmp T_6.5;
T_6.5 ;
    %pop/vec4 1;
    %jmp T_6;
    .thread T_6, $push;
    .scope S_0x15260a300;
T_7 ;
    %wait E_0x600001365c00;
    %load/vec4 v0x6000034658c0_0;
    %dup/vec4;
    %pushi/vec4 24, 0, 5;
    %cmp/u;
    %jmp/1 T_7.0, 6;
    %dup/vec4;
    %pushi/vec4 26, 0, 5;
    %cmp/u;
    %jmp/1 T_7.1, 6;
    %dup/vec4;
    %pushi/vec4 28, 0, 5;
    %cmp/u;
    %jmp/1 T_7.2, 6;
    %dup/vec4;
    %pushi/vec4 29, 0, 5;
    %cmp/u;
    %jmp/1 T_7.3, 6;
    %dup/vec4;
    %pushi/vec4 0, 0, 5;
    %cmp/u;
    %jmp/1 T_7.4, 6;
    %dup/vec4;
    %pushi/vec4 1, 0, 5;
    %cmp/u;
    %jmp/1 T_7.5, 6;
    %dup/vec4;
    %pushi/vec4 2, 0, 5;
    %cmp/u;
    %jmp/1 T_7.6, 6;
    %dup/vec4;
    %pushi/vec4 4, 0, 5;
    %cmp/u;
    %jmp/1 T_7.7, 6;
    %dup/vec4;
    %pushi/vec4 6, 0, 5;
    %cmp/u;
    %jmp/1 T_7.8, 6;
    %dup/vec4;
    %pushi/vec4 20, 0, 5;
    %cmp/u;
    %jmp/1 T_7.9, 6;
    %dup/vec4;
    %pushi/vec4 21, 0, 5;
    %cmp/u;
    %jmp/1 T_7.10, 6;
    %dup/vec4;
    %pushi/vec4 22, 0, 5;
    %cmp/u;
    %jmp/1 T_7.11, 6;
    %dup/vec4;
    %pushi/vec4 23, 0, 5;
    %cmp/u;
    %jmp/1 T_7.12, 6;
    %dup/vec4;
    %pushi/vec4 25, 0, 5;
    %cmp/u;
    %jmp/1 T_7.13, 6;
    %dup/vec4;
    %pushi/vec4 27, 0, 5;
    %cmp/u;
    %jmp/1 T_7.14, 6;
    %dup/vec4;
    %pushi/vec4 5, 0, 5;
    %cmp/u;
    %jmp/1 T_7.15, 6;
    %dup/vec4;
    %pushi/vec4 7, 0, 5;
    %cmp/u;
    %jmp/1 T_7.16, 6;
    %dup/vec4;
    %pushi/vec4 18, 0, 5;
    %cmp/u;
    %jmp/1 T_7.17, 6;
    %dup/vec4;
    %pushi/vec4 3, 0, 5;
    %cmp/u;
    %jmp/1 T_7.18, 6;
    %dup/vec4;
    %pushi/vec4 17, 0, 5;
    %cmp/u;
    %jmp/1 T_7.19, 6;
    %pushi/vec4 0, 0, 64;
    %store/vec4 v0x600003465c20_0, 0, 64;
    %pushi/vec4 0, 0, 64;
    %store/vec4 v0x600003465ef0_0, 0, 64;
    %pushi/vec4 0, 0, 64;
    %store/vec4 v0x600003466010_0, 0, 64;
    %jmp T_7.21;
T_7.0 ;
    %load/vec4 v0x600003465950_0;
    %store/vec4 v0x600003465ef0_0, 0, 64;
    %load/vec4 v0x6000034659e0_0;
    %store/vec4 v0x600003466010_0, 0, 64;
    %pushi/vec4 0, 0, 64;
    %store/vec4 v0x600003465c20_0, 0, 64;
    %jmp T_7.21;
T_7.1 ;
    %load/vec4 v0x600003465950_0;
    %store/vec4 v0x600003465ef0_0, 0, 64;
    %load/vec4 v0x6000034659e0_0;
    %store/vec4 v0x600003466010_0, 0, 64;
    %pushi/vec4 0, 0, 64;
    %store/vec4 v0x600003465c20_0, 0, 64;
    %jmp T_7.21;
T_7.2 ;
    %load/vec4 v0x600003465950_0;
    %store/vec4 v0x600003465ef0_0, 0, 64;
    %load/vec4 v0x6000034659e0_0;
    %store/vec4 v0x600003466010_0, 0, 64;
    %pushi/vec4 0, 0, 64;
    %store/vec4 v0x600003465c20_0, 0, 64;
    %jmp T_7.21;
T_7.3 ;
    %load/vec4 v0x600003465950_0;
    %store/vec4 v0x600003465ef0_0, 0, 64;
    %load/vec4 v0x6000034659e0_0;
    %store/vec4 v0x600003466010_0, 0, 64;
    %pushi/vec4 0, 0, 64;
    %store/vec4 v0x600003465c20_0, 0, 64;
    %jmp T_7.21;
T_7.4 ;
    %load/vec4 v0x600003465950_0;
    %store/vec4 v0x600003465ef0_0, 0, 64;
    %load/vec4 v0x6000034659e0_0;
    %store/vec4 v0x600003466010_0, 0, 64;
    %pushi/vec4 0, 0, 64;
    %store/vec4 v0x600003465c20_0, 0, 64;
    %jmp T_7.21;
T_7.5 ;
    %load/vec4 v0x600003465950_0;
    %store/vec4 v0x600003465ef0_0, 0, 64;
    %load/vec4 v0x6000034659e0_0;
    %store/vec4 v0x600003466010_0, 0, 64;
    %pushi/vec4 0, 0, 64;
    %store/vec4 v0x600003465c20_0, 0, 64;
    %jmp T_7.21;
T_7.6 ;
    %load/vec4 v0x600003465950_0;
    %store/vec4 v0x600003465ef0_0, 0, 64;
    %load/vec4 v0x6000034659e0_0;
    %store/vec4 v0x600003466010_0, 0, 64;
    %pushi/vec4 0, 0, 64;
    %store/vec4 v0x600003465c20_0, 0, 64;
    %jmp T_7.21;
T_7.7 ;
    %load/vec4 v0x600003465950_0;
    %store/vec4 v0x600003465ef0_0, 0, 64;
    %load/vec4 v0x6000034659e0_0;
    %store/vec4 v0x600003466010_0, 0, 64;
    %pushi/vec4 0, 0, 64;
    %store/vec4 v0x600003465c20_0, 0, 64;
    %jmp T_7.21;
T_7.8 ;
    %load/vec4 v0x600003465950_0;
    %store/vec4 v0x600003465ef0_0, 0, 64;
    %load/vec4 v0x6000034659e0_0;
    %store/vec4 v0x600003466010_0, 0, 64;
    %pushi/vec4 0, 0, 64;
    %store/vec4 v0x600003465c20_0, 0, 64;
    %jmp T_7.21;
T_7.9 ;
    %load/vec4 v0x600003465950_0;
    %store/vec4 v0x600003465ef0_0, 0, 64;
    %load/vec4 v0x6000034659e0_0;
    %store/vec4 v0x600003466010_0, 0, 64;
    %pushi/vec4 0, 0, 64;
    %store/vec4 v0x600003465c20_0, 0, 64;
    %jmp T_7.21;
T_7.10 ;
    %load/vec4 v0x600003465950_0;
    %store/vec4 v0x600003465ef0_0, 0, 64;
    %load/vec4 v0x6000034659e0_0;
    %store/vec4 v0x600003466010_0, 0, 64;
    %pushi/vec4 0, 0, 64;
    %store/vec4 v0x600003465c20_0, 0, 64;
    %jmp T_7.21;
T_7.11 ;
    %load/vec4 v0x600003465950_0;
    %store/vec4 v0x600003465ef0_0, 0, 64;
    %load/vec4 v0x6000034659e0_0;
    %store/vec4 v0x600003466010_0, 0, 64;
    %pushi/vec4 0, 0, 64;
    %store/vec4 v0x600003465c20_0, 0, 64;
    %jmp T_7.21;
T_7.12 ;
    %load/vec4 v0x600003465950_0;
    %store/vec4 v0x600003465ef0_0, 0, 64;
    %load/vec4 v0x6000034659e0_0;
    %store/vec4 v0x600003466010_0, 0, 64;
    %pushi/vec4 0, 0, 64;
    %store/vec4 v0x600003465c20_0, 0, 64;
    %jmp T_7.21;
T_7.13 ;
    %load/vec4 v0x600003465950_0;
    %store/vec4 v0x600003465c20_0, 0, 64;
    %pushi/vec4 0, 0, 64;
    %store/vec4 v0x600003466010_0, 0, 64;
    %pushi/vec4 0, 0, 64;
    %store/vec4 v0x600003465ef0_0, 0, 64;
    %jmp T_7.21;
T_7.14 ;
    %load/vec4 v0x600003465950_0;
    %store/vec4 v0x600003465c20_0, 0, 64;
    %pushi/vec4 0, 0, 64;
    %store/vec4 v0x600003466010_0, 0, 64;
    %pushi/vec4 0, 0, 64;
    %store/vec4 v0x600003465ef0_0, 0, 64;
    %jmp T_7.21;
T_7.15 ;
    %load/vec4 v0x600003465950_0;
    %store/vec4 v0x600003465c20_0, 0, 64;
    %pushi/vec4 0, 0, 64;
    %store/vec4 v0x600003466010_0, 0, 64;
    %pushi/vec4 0, 0, 64;
    %store/vec4 v0x600003465ef0_0, 0, 64;
    %jmp T_7.21;
T_7.16 ;
    %load/vec4 v0x600003465950_0;
    %store/vec4 v0x600003465c20_0, 0, 64;
    %pushi/vec4 0, 0, 64;
    %store/vec4 v0x600003466010_0, 0, 64;
    %pushi/vec4 0, 0, 64;
    %store/vec4 v0x600003465ef0_0, 0, 64;
    %jmp T_7.21;
T_7.17 ;
    %load/vec4 v0x600003465950_0;
    %store/vec4 v0x600003465c20_0, 0, 64;
    %pushi/vec4 0, 0, 64;
    %store/vec4 v0x600003466010_0, 0, 64;
    %pushi/vec4 0, 0, 64;
    %store/vec4 v0x600003465ef0_0, 0, 64;
    %jmp T_7.21;
T_7.18 ;
    %load/vec4 v0x600003465950_0;
    %store/vec4 v0x600003465ef0_0, 0, 64;
    %pushi/vec4 0, 0, 64;
    %store/vec4 v0x600003466010_0, 0, 64;
    %pushi/vec4 0, 0, 64;
    %store/vec4 v0x600003465c20_0, 0, 64;
    %jmp T_7.21;
T_7.19 ;
    %load/vec4 v0x600003465950_0;
    %store/vec4 v0x600003465ef0_0, 0, 64;
    %pushi/vec4 0, 0, 64;
    %store/vec4 v0x600003466010_0, 0, 64;
    %pushi/vec4 0, 0, 64;
    %store/vec4 v0x600003465c20_0, 0, 64;
    %jmp T_7.21;
T_7.21 ;
    %pop/vec4 1;
    %jmp T_7;
    .thread T_7, $push;
    .scope S_0x15260a300;
T_8 ;
    %wait E_0x600001365bc0;
    %load/vec4 v0x6000034658c0_0;
    %dup/vec4;
    %pushi/vec4 11, 0, 5;
    %cmp/u;
    %jmp/1 T_8.0, 6;
    %dup/vec4;
    %pushi/vec4 8, 0, 5;
    %cmp/u;
    %jmp/1 T_8.1, 6;
    %dup/vec4;
    %pushi/vec4 9, 0, 5;
    %cmp/u;
    %jmp/1 T_8.2, 6;
    %dup/vec4;
    %pushi/vec4 25, 0, 5;
    %cmp/u;
    %jmp/1 T_8.3, 6;
    %dup/vec4;
    %pushi/vec4 27, 0, 5;
    %cmp/u;
    %jmp/1 T_8.4, 6;
    %dup/vec4;
    %pushi/vec4 5, 0, 5;
    %cmp/u;
    %jmp/1 T_8.5, 6;
    %dup/vec4;
    %pushi/vec4 7, 0, 5;
    %cmp/u;
    %jmp/1 T_8.6, 6;
    %dup/vec4;
    %pushi/vec4 18, 0, 5;
    %cmp/u;
    %jmp/1 T_8.7, 6;
    %dup/vec4;
    %pushi/vec4 12, 0, 5;
    %cmp/u;
    %jmp/1 T_8.8, 6;
    %dup/vec4;
    %pushi/vec4 13, 0, 5;
    %cmp/u;
    %jmp/1 T_8.9, 6;
    %dup/vec4;
    %pushi/vec4 14, 0, 5;
    %cmp/u;
    %jmp/1 T_8.10, 6;
    %dup/vec4;
    %pushi/vec4 19, 0, 5;
    %cmp/u;
    %jmp/1 T_8.11, 6;
    %load/vec4 v0x600003465e60_0;
    %store/vec4 v0x600003465cb0_0, 0, 5;
    %load/vec4 v0x600003465f80_0;
    %store/vec4 v0x600003465d40_0, 0, 5;
    %jmp T_8.13;
T_8.0 ;
    %load/vec4 v0x600003465b90_0;
    %store/vec4 v0x600003465d40_0, 0, 5;
    %jmp T_8.13;
T_8.1 ;
    %load/vec4 v0x600003465b90_0;
    %store/vec4 v0x600003465cb0_0, 0, 5;
    %jmp T_8.13;
T_8.2 ;
    %load/vec4 v0x600003465b90_0;
    %store/vec4 v0x600003465cb0_0, 0, 5;
    %jmp T_8.13;
T_8.3 ;
    %load/vec4 v0x600003465b90_0;
    %store/vec4 v0x600003465cb0_0, 0, 5;
    %jmp T_8.13;
T_8.4 ;
    %load/vec4 v0x600003465b90_0;
    %store/vec4 v0x600003465cb0_0, 0, 5;
    %jmp T_8.13;
T_8.5 ;
    %load/vec4 v0x600003465b90_0;
    %store/vec4 v0x600003465cb0_0, 0, 5;
    %jmp T_8.13;
T_8.6 ;
    %load/vec4 v0x600003465b90_0;
    %store/vec4 v0x600003465cb0_0, 0, 5;
    %jmp T_8.13;
T_8.7 ;
    %load/vec4 v0x600003465b90_0;
    %store/vec4 v0x600003465cb0_0, 0, 5;
    %jmp T_8.13;
T_8.8 ;
    %load/vec4 v0x600003465b90_0;
    %store/vec4 v0x600003465cb0_0, 0, 5;
    %pushi/vec4 31, 0, 5;
    %store/vec4 v0x600003465d40_0, 0, 5;
    %jmp T_8.13;
T_8.9 ;
    %pushi/vec4 31, 0, 5;
    %store/vec4 v0x600003465cb0_0, 0, 5;
    %jmp T_8.13;
T_8.10 ;
    %load/vec4 v0x600003465b90_0;
    %store/vec4 v0x600003465d40_0, 0, 5;
    %jmp T_8.13;
T_8.11 ;
    %load/vec4 v0x600003465b90_0;
    %store/vec4 v0x600003465cb0_0, 0, 5;
    %load/vec4 v0x600003465e60_0;
    %store/vec4 v0x600003465d40_0, 0, 5;
    %jmp T_8.13;
T_8.13 ;
    %pop/vec4 1;
    %jmp T_8;
    .thread T_8, $push;
    .scope S_0x15260a300;
T_9 ;
    %wait E_0x600001365b80;
    %load/vec4 v0x600003465a70_0;
    %addi 4, 0, 32;
    %store/vec4 v0x600003465b00_0, 0, 32;
    %pushi/vec4 0, 0, 64;
    %store/vec4 v0x6000034660a0_0, 0, 64;
    %pushi/vec4 0, 0, 1;
    %store/vec4 v0x600003466130_0, 0, 1;
    %load/vec4 v0x600003465b90_0;
    %store/vec4 v0x6000034661c0_0, 0, 5;
    %pushi/vec4 0, 0, 1;
    %store/vec4 v0x600003465830_0, 0, 1;
    %pushi/vec4 0, 0, 32;
    %store/vec4 v0x600003465680_0, 0, 32;
    %pushi/vec4 0, 0, 64;
    %store/vec4 v0x6000034657a0_0, 0, 64;
    %pushi/vec4 0, 0, 32;
    %store/vec4 v0x600003465440_0, 0, 32;
    %load/vec4 v0x6000034658c0_0;
    %dup/vec4;
    %pushi/vec4 0, 0, 5;
    %cmp/u;
    %jmp/1 T_9.0, 6;
    %dup/vec4;
    %pushi/vec4 1, 0, 5;
    %cmp/u;
    %jmp/1 T_9.1, 6;
    %dup/vec4;
    %pushi/vec4 2, 0, 5;
    %cmp/u;
    %jmp/1 T_9.2, 6;
    %dup/vec4;
    %pushi/vec4 3, 0, 5;
    %cmp/u;
    %jmp/1 T_9.3, 6;
    %dup/vec4;
    %pushi/vec4 4, 0, 5;
    %cmp/u;
    %jmp/1 T_9.4, 6;
    %dup/vec4;
    %pushi/vec4 5, 0, 5;
    %cmp/u;
    %jmp/1 T_9.5, 6;
    %dup/vec4;
    %pushi/vec4 6, 0, 5;
    %cmp/u;
    %jmp/1 T_9.6, 6;
    %dup/vec4;
    %pushi/vec4 7, 0, 5;
    %cmp/u;
    %jmp/1 T_9.7, 6;
    %dup/vec4;
    %pushi/vec4 24, 0, 5;
    %cmp/u;
    %jmp/1 T_9.8, 6;
    %dup/vec4;
    %pushi/vec4 25, 0, 5;
    %cmp/u;
    %jmp/1 T_9.9, 6;
    %dup/vec4;
    %pushi/vec4 26, 0, 5;
    %cmp/u;
    %jmp/1 T_9.10, 6;
    %dup/vec4;
    %pushi/vec4 27, 0, 5;
    %cmp/u;
    %jmp/1 T_9.11, 6;
    %dup/vec4;
    %pushi/vec4 28, 0, 5;
    %cmp/u;
    %jmp/1 T_9.12, 6;
    %dup/vec4;
    %pushi/vec4 29, 0, 5;
    %cmp/u;
    %jmp/1 T_9.13, 6;
    %dup/vec4;
    %pushi/vec4 18, 0, 5;
    %cmp/u;
    %jmp/1 T_9.14, 6;
    %dup/vec4;
    %pushi/vec4 8, 0, 5;
    %cmp/u;
    %jmp/1 T_9.15, 6;
    %dup/vec4;
    %pushi/vec4 9, 0, 5;
    %cmp/u;
    %jmp/1 T_9.16, 6;
    %dup/vec4;
    %pushi/vec4 10, 0, 5;
    %cmp/u;
    %jmp/1 T_9.17, 6;
    %dup/vec4;
    %pushi/vec4 11, 0, 5;
    %cmp/u;
    %jmp/1 T_9.18, 6;
    %dup/vec4;
    %pushi/vec4 12, 0, 5;
    %cmp/u;
    %jmp/1 T_9.19, 6;
    %dup/vec4;
    %pushi/vec4 13, 0, 5;
    %cmp/u;
    %jmp/1 T_9.20, 6;
    %dup/vec4;
    %pushi/vec4 14, 0, 5;
    %cmp/u;
    %jmp/1 T_9.21, 6;
    %dup/vec4;
    %pushi/vec4 16, 0, 5;
    %cmp/u;
    %jmp/1 T_9.22, 6;
    %dup/vec4;
    %pushi/vec4 17, 0, 5;
    %cmp/u;
    %jmp/1 T_9.23, 6;
    %dup/vec4;
    %pushi/vec4 19, 0, 5;
    %cmp/u;
    %jmp/1 T_9.24, 6;
    %dup/vec4;
    %pushi/vec4 20, 0, 5;
    %cmp/u;
    %jmp/1 T_9.25, 6;
    %dup/vec4;
    %pushi/vec4 21, 0, 5;
    %cmp/u;
    %jmp/1 T_9.26, 6;
    %dup/vec4;
    %pushi/vec4 22, 0, 5;
    %cmp/u;
    %jmp/1 T_9.27, 6;
    %dup/vec4;
    %pushi/vec4 23, 0, 5;
    %cmp/u;
    %jmp/1 T_9.28, 6;
    %load/vec4 v0x600003465a70_0;
    %addi 4, 0, 32;
    %store/vec4 v0x600003465b00_0, 0, 32;
    %jmp T_9.30;
T_9.0 ;
    %load/vec4 v0x600003465320_0;
    %store/vec4 v0x6000034660a0_0, 0, 64;
    %pushi/vec4 1, 0, 1;
    %store/vec4 v0x600003466130_0, 0, 1;
    %jmp T_9.30;
T_9.1 ;
    %load/vec4 v0x600003465320_0;
    %store/vec4 v0x6000034660a0_0, 0, 64;
    %pushi/vec4 1, 0, 1;
    %store/vec4 v0x600003466130_0, 0, 1;
    %jmp T_9.30;
T_9.2 ;
    %load/vec4 v0x600003465320_0;
    %store/vec4 v0x6000034660a0_0, 0, 64;
    %pushi/vec4 1, 0, 1;
    %store/vec4 v0x600003466130_0, 0, 1;
    %jmp T_9.30;
T_9.3 ;
    %load/vec4 v0x600003465320_0;
    %store/vec4 v0x6000034660a0_0, 0, 64;
    %pushi/vec4 1, 0, 1;
    %store/vec4 v0x600003466130_0, 0, 1;
    %jmp T_9.30;
T_9.4 ;
    %load/vec4 v0x600003465320_0;
    %store/vec4 v0x6000034660a0_0, 0, 64;
    %pushi/vec4 1, 0, 1;
    %store/vec4 v0x600003466130_0, 0, 1;
    %jmp T_9.30;
T_9.5 ;
    %load/vec4 v0x600003465320_0;
    %store/vec4 v0x6000034660a0_0, 0, 64;
    %pushi/vec4 1, 0, 1;
    %store/vec4 v0x600003466130_0, 0, 1;
    %jmp T_9.30;
T_9.6 ;
    %load/vec4 v0x600003465320_0;
    %store/vec4 v0x6000034660a0_0, 0, 64;
    %pushi/vec4 1, 0, 1;
    %store/vec4 v0x600003466130_0, 0, 1;
    %jmp T_9.30;
T_9.7 ;
    %load/vec4 v0x600003465320_0;
    %store/vec4 v0x6000034660a0_0, 0, 64;
    %pushi/vec4 1, 0, 1;
    %store/vec4 v0x600003466130_0, 0, 1;
    %jmp T_9.30;
T_9.8 ;
    %load/vec4 v0x600003465320_0;
    %store/vec4 v0x6000034660a0_0, 0, 64;
    %pushi/vec4 1, 0, 1;
    %store/vec4 v0x600003466130_0, 0, 1;
    %jmp T_9.30;
T_9.9 ;
    %load/vec4 v0x600003465320_0;
    %store/vec4 v0x6000034660a0_0, 0, 64;
    %pushi/vec4 1, 0, 1;
    %store/vec4 v0x600003466130_0, 0, 1;
    %jmp T_9.30;
T_9.10 ;
    %load/vec4 v0x600003465320_0;
    %store/vec4 v0x6000034660a0_0, 0, 64;
    %pushi/vec4 1, 0, 1;
    %store/vec4 v0x600003466130_0, 0, 1;
    %jmp T_9.30;
T_9.11 ;
    %load/vec4 v0x600003465320_0;
    %store/vec4 v0x6000034660a0_0, 0, 64;
    %pushi/vec4 1, 0, 1;
    %store/vec4 v0x600003466130_0, 0, 1;
    %jmp T_9.30;
T_9.12 ;
    %load/vec4 v0x600003465320_0;
    %store/vec4 v0x6000034660a0_0, 0, 64;
    %pushi/vec4 1, 0, 1;
    %store/vec4 v0x600003466130_0, 0, 1;
    %jmp T_9.30;
T_9.13 ;
    %load/vec4 v0x600003465320_0;
    %store/vec4 v0x6000034660a0_0, 0, 64;
    %pushi/vec4 1, 0, 1;
    %store/vec4 v0x600003466130_0, 0, 1;
    %jmp T_9.30;
T_9.14 ;
    %load/vec4 v0x600003465320_0;
    %store/vec4 v0x6000034660a0_0, 0, 64;
    %pushi/vec4 1, 0, 1;
    %store/vec4 v0x600003466130_0, 0, 1;
    %jmp T_9.30;
T_9.15 ;
    %load/vec4 v0x600003465950_0;
    %pad/u 32;
    %store/vec4 v0x600003465b00_0, 0, 32;
    %jmp T_9.30;
T_9.16 ;
    %load/vec4 v0x600003465a70_0;
    %load/vec4 v0x600003465950_0;
    %parti/s 32, 0, 2;
    %add;
    %store/vec4 v0x600003465b00_0, 0, 32;
    %jmp T_9.30;
T_9.17 ;
    %load/vec4 v0x600003465a70_0;
    %load/vec4 v0x6000034655f0_0;
    %parti/s 1, 11, 5;
    %replicate 20;
    %load/vec4 v0x6000034655f0_0;
    %concat/vec4; draw_concat_vec4
    %add;
    %store/vec4 v0x600003465b00_0, 0, 32;
    %jmp T_9.30;
T_9.18 ;
    %load/vec4 v0x600003465950_0;
    %cmpi/ne 0, 0, 64;
    %jmp/0xz  T_9.31, 4;
    %load/vec4 v0x6000034659e0_0;
    %pad/u 32;
    %store/vec4 v0x600003465b00_0, 0, 32;
    %jmp T_9.32;
T_9.31 ;
    %load/vec4 v0x600003465a70_0;
    %addi 4, 0, 32;
    %store/vec4 v0x600003465b00_0, 0, 32;
T_9.32 ;
    %jmp T_9.30;
T_9.19 ;
    %pushi/vec4 1, 0, 1;
    %store/vec4 v0x600003465830_0, 0, 1;
    %load/vec4 v0x6000034659e0_0;
    %subi 8, 0, 64;
    %pad/u 32;
    %store/vec4 v0x600003465680_0, 0, 32;
    %load/vec4 v0x600003465a70_0;
    %pad/u 64;
    %addi 4, 0, 64;
    %store/vec4 v0x6000034657a0_0, 0, 64;
    %load/vec4 v0x600003465950_0;
    %pad/u 32;
    %store/vec4 v0x600003465b00_0, 0, 32;
    %jmp T_9.30;
T_9.20 ;
    %load/vec4 v0x600003465950_0;
    %subi 8, 0, 64;
    %pad/u 32;
    %store/vec4 v0x600003465440_0, 0, 32;
    %load/vec4 v0x600003465710_0;
    %parti/s 32, 0, 2;
    %store/vec4 v0x600003465b00_0, 0, 32;
    %jmp T_9.30;
T_9.21 ;
    %load/vec4 v0x6000034659e0_0;
    %load/vec4 v0x600003465950_0;
    %cmp/s;
    %jmp/0xz  T_9.33, 5;
    %load/vec4 v0x6000034659e0_0;
    %pad/u 32;
    %store/vec4 v0x600003465b00_0, 0, 32;
    %jmp T_9.34;
T_9.33 ;
    %load/vec4 v0x600003465a70_0;
    %addi 4, 0, 32;
    %store/vec4 v0x600003465b00_0, 0, 32;
T_9.34 ;
    %jmp T_9.30;
T_9.22 ;
    %load/vec4 v0x600003465950_0;
    %pushi/vec4 0, 0, 20;
    %load/vec4 v0x6000034655f0_0;
    %concat/vec4; draw_concat_vec4
    %pad/u 64;
    %add;
    %pad/u 32;
    %store/vec4 v0x600003465440_0, 0, 32;
    %load/vec4 v0x600003465710_0;
    %store/vec4 v0x6000034660a0_0, 0, 64;
    %pushi/vec4 1, 0, 1;
    %store/vec4 v0x600003466130_0, 0, 1;
    %jmp T_9.30;
T_9.23 ;
    %load/vec4 v0x600003465950_0;
    %store/vec4 v0x6000034660a0_0, 0, 64;
    %pushi/vec4 1, 0, 1;
    %store/vec4 v0x600003466130_0, 0, 1;
    %jmp T_9.30;
T_9.24 ;
    %pushi/vec4 1, 0, 1;
    %store/vec4 v0x600003465830_0, 0, 1;
    %load/vec4 v0x600003465950_0;
    %pushi/vec4 0, 0, 20;
    %load/vec4 v0x6000034655f0_0;
    %concat/vec4; draw_concat_vec4
    %pad/u 64;
    %add;
    %pad/u 32;
    %store/vec4 v0x600003465680_0, 0, 32;
    %load/vec4 v0x6000034659e0_0;
    %store/vec4 v0x6000034657a0_0, 0, 64;
    %jmp T_9.30;
T_9.25 ;
    %load/vec4 v0x6000034654d0_0;
    %store/vec4 v0x6000034660a0_0, 0, 64;
    %pushi/vec4 1, 0, 1;
    %store/vec4 v0x600003466130_0, 0, 1;
    %jmp T_9.30;
T_9.26 ;
    %load/vec4 v0x6000034654d0_0;
    %store/vec4 v0x6000034660a0_0, 0, 64;
    %pushi/vec4 1, 0, 1;
    %store/vec4 v0x600003466130_0, 0, 1;
    %jmp T_9.30;
T_9.27 ;
    %load/vec4 v0x6000034654d0_0;
    %store/vec4 v0x6000034660a0_0, 0, 64;
    %pushi/vec4 1, 0, 1;
    %store/vec4 v0x600003466130_0, 0, 1;
    %jmp T_9.30;
T_9.28 ;
    %load/vec4 v0x6000034654d0_0;
    %store/vec4 v0x6000034660a0_0, 0, 64;
    %pushi/vec4 1, 0, 1;
    %store/vec4 v0x600003466130_0, 0, 1;
    %jmp T_9.30;
T_9.30 ;
    %pop/vec4 1;
    %jmp T_9;
    .thread T_9, $push;
    .scope S_0x15260a190;
T_10 ;
    %wait E_0x600001366180;
    %load/vec4 v0x60000346ad00_0;
    %flag_set/vec4 8;
    %jmp/0xz  T_10.0, 8;
    %pushi/vec4 8192, 0, 32;
    %assign/vec4 v0x60000346a880_0, 0;
    %jmp T_10.1;
T_10.0 ;
    %load/vec4 v0x60000346a7f0_0;
    %assign/vec4 v0x60000346a880_0, 0;
T_10.1 ;
    %jmp T_10;
    .thread T_10;
    .scope S_0x152604a90;
T_11 ;
    %pushi/vec4 0, 0, 1;
    %store/vec4 v0x60000346ae20_0, 0, 1;
    %delay 25000, 0;
T_11.0 ;
    %delay 5000, 0;
    %load/vec4 v0x60000346ae20_0;
    %inv;
    %store/vec4 v0x60000346ae20_0, 0, 1;
    %jmp T_11.0;
    %end;
    .thread T_11;
    .scope S_0x152604a90;
T_12 ;
    %pushi/vec4 1, 0, 1;
    %store/vec4 v0x60000346aeb0_0, 0, 1;
    %delay 20000, 0;
    %pushi/vec4 0, 0, 1;
    %store/vec4 v0x60000346aeb0_0, 0, 1;
    %end;
    .thread T_12;
    .scope S_0x152604a90;
T_13 ;
    %wait E_0x600001365ac0;
    %delay 1000, 0;
    %pushi/vec4 3225694208, 0, 32;
    %store/vec4 v0x60000346ad90_0, 0, 32;
    %load/vec4 v0x60000346ad90_0;
    %parti/s 8, 0, 2;
    %ix/load 4, 8192, 0;
    %flag_set/imm 4, 0;
    %store/vec4a v0x600003467690, 4, 0;
    %load/vec4 v0x60000346ad90_0;
    %parti/s 8, 8, 5;
    %ix/load 4, 8193, 0;
    %flag_set/imm 4, 0;
    %store/vec4a v0x600003467690, 4, 0;
    %load/vec4 v0x60000346ad90_0;
    %parti/s 8, 16, 6;
    %ix/load 4, 8194, 0;
    %flag_set/imm 4, 0;
    %store/vec4a v0x600003467690, 4, 0;
    %load/vec4 v0x60000346ad90_0;
    %parti/s 8, 24, 6;
    %ix/load 4, 8195, 0;
    %flag_set/imm 4, 0;
    %store/vec4a v0x600003467690, 4, 0;
    %vpi_call/w 3 44 "$display", "Addition instruction loaded: %h", v0x60000346ad90_0 {0 0 0};
    %end;
    .thread T_13;
    .scope S_0x152604a90;
T_14 ;
    %wait E_0x600001365ac0;
    %delay 1000, 0;
    %pushi/vec4 10, 0, 64;
    %ix/load 4, 2, 0;
    %flag_set/imm 4, 0;
    %store/vec4a v0x600003469b90, 4, 0;
    %pushi/vec4 15, 0, 64;
    %ix/load 4, 3, 0;
    %flag_set/imm 4, 0;
    %store/vec4a v0x600003469b90, 4, 0;
    %vpi_call/w 3 54 "$display", "Registers initialized: R2 = 10, R3 = 15" {0 0 0};
    %end;
    .thread T_14;
    .scope S_0x152604a90;
T_15 ;
    %delay 150000, 0;
    %vpi_call/w 3 60 "$display", "Final value in R1: %d", &A<v0x600003469b90, 1> {0 0 0};
    %ix/load 4, 1, 0;
    %flag_set/imm 4, 0;
    %load/vec4a v0x600003469b90, 4;
    %cmpi/e 25, 0, 64;
    %jmp/0xz  T_15.0, 4;
    %vpi_call/w 3 62 "$display", "Test Passed: R1 = R2 + R3 = 10 + 15 = 25" {0 0 0};
    %jmp T_15.1;
T_15.0 ;
    %vpi_call/w 3 64 "$display", "Test Failed: Expected 25 but got %d", &A<v0x600003469b90, 1> {0 0 0};
T_15.1 ;
    %vpi_call/w 3 65 "$finish" {0 0 0};
    %end;
    .thread T_15;
# The file index is used to find the file name in the following table.
:file_names 5;
    "N/A";
    "<interactive>";
    "-";
    "tinker_tb.sv";
    "tinker.sv";
